INFO:sim:172 - Generating IP...
Applying current project options...
Finished applying current project options.
WARNING:sim - A core named 'vga_clk_wiz' already exists in the project. Output
   products for this core may be overwritten.
Resolving generics for 'vga_clk_wiz'...
WARNING:sim - A core named 'vga_clk_wiz' already exists in the project. Output
   products for this core may be overwritten.
Applying external generics to 'vga_clk_wiz'...
Delivering associated files for 'vga_clk_wiz'...
WARNING:sim - Component clk_wiz_v3_6 does not have a valid model name for
   Verilog synthesis
Delivering EJava files for 'vga_clk_wiz'...
Delivered 3 files into directory
/home/dsabanin/projects/embedded/xilinx/simpleVGA/ipcore_dir/tmp/_cg/vga_clk_wiz
Delivered 1 file into directory
/home/dsabanin/projects/embedded/xilinx/simpleVGA/ipcore_dir/tmp/_cg/vga_clk_wiz
Generating ASY schematic symbol...
Loading device for application Rf_Device from file '6slx9.nph' in environment
/opt/Xilinx/14.7/ISE_DS/ISE/.
INFO:sim:949 - Finished generation of ASY schematic symbol.
Generating SYM schematic symbol for 'vga_clk_wiz'...
Generating ISE project...
XCO file found: vga_clk_wiz.xco
XMDF file found: vga_clk_wiz_xmdf.tcl
Adding
/home/dsabanin/projects/embedded/xilinx/simpleVGA/ipcore_dir/tmp/_cg/vga_clk_wiz
.asy -view all -origin_type imported
Adding
/home/dsabanin/projects/embedded/xilinx/simpleVGA/ipcore_dir/tmp/_cg/vga_clk_wiz
.ucf -view all -origin_type created
Adding
/home/dsabanin/projects/embedded/xilinx/simpleVGA/ipcore_dir/tmp/_cg/vga_clk_wiz
.v -view all -origin_type created
INFO:HDLCompiler:1845 - Analyzing Verilog file
   "/home/dsabanin/projects/embedded/xilinx/simpleVGA/ipcore_dir/tmp/_cg/vga_clk
   _wiz.v" into library work
INFO:ProjectMgmt - Parsing design hierarchy completed successfully.
Adding
/home/dsabanin/projects/embedded/xilinx/simpleVGA/ipcore_dir/tmp/_cg/vga_clk_wiz
.veo -view all -origin_type imported
INFO:TclTasksC:2116 - The automatic calculation of top has been turned-off.
   Please set the new top explicitly by running the "project set top" command.
   To re-calculate the new top automatically, set the "Auto Implementation Top"
   property to true.
Top level has been set to "/vga_clk_wiz"
Generating README file...
Generating FLIST file...
INFO:sim:948 - Finished FLIST file generation.
Launching README viewer...
Moving files to output directory...
Finished moving files to output directory
Wrote CGP file for project 'vga_clk_wiz'.
