Release 14.7 - xst P.20131013 (lin64)
Copyright (c) 1995-2013 Xilinx, Inc.  All rights reserved.
--> 
Parameter TMPDIR set to xst/projnav.tmp


Total REAL time to Xst completion: 0.00 secs
Total CPU time to Xst completion: 0.03 secs
 
--> 
Parameter xsthdpdir set to xst


Total REAL time to Xst completion: 0.00 secs
Total CPU time to Xst completion: 0.03 secs
 
--> 
Reading design: myModule.prj

TABLE OF CONTENTS
  1) Synthesis Options Summary
  2) HDL Parsing
  3) HDL Elaboration
  4) HDL Synthesis
       4.1) HDL Synthesis Report
  5) Advanced HDL Synthesis
       5.1) Advanced HDL Synthesis Report
  6) Low Level Synthesis
  7) Partition Report
  8) Design Summary
       8.1) Primitive and Black Box Usage
       8.2) Device utilization summary
       8.3) Partition Resource Summary
       8.4) Timing Report
            8.4.1) Clock Information
            8.4.2) Asynchronous Control Signals Information
            8.4.3) Timing Summary
            8.4.4) Timing Details
            8.4.5) Cross Clock Domains Report


=========================================================================
*                      Synthesis Options Summary                        *
=========================================================================
---- Source Parameters
Input File Name                    : "myModule.prj"
Ignore Synthesis Constraint File   : NO

---- Target Parameters
Output File Name                   : "myModule"
Output Format                      : NGC
Target Device                      : xc6slx9-2-csg324

---- Source Options
Top Module Name                    : myModule
Automatic FSM Extraction           : YES
FSM Encoding Algorithm             : Auto
Safe Implementation                : No
FSM Style                          : LUT
RAM Extraction                     : Yes
RAM Style                          : Auto
ROM Extraction                     : Yes
Shift Register Extraction          : YES
ROM Style                          : Auto
Resource Sharing                   : YES
Asynchronous To Synchronous        : NO
Shift Register Minimum Size        : 2
Use DSP Block                      : Auto
Automatic Register Balancing       : No

---- Target Options
LUT Combining                      : Auto
Reduce Control Sets                : Auto
Add IO Buffers                     : YES
Global Maximum Fanout              : 100000
Add Generic Clock Buffer(BUFG)     : 16
Register Duplication               : YES
Optimize Instantiated Primitives   : NO
Use Clock Enable                   : Auto
Use Synchronous Set                : Auto
Use Synchronous Reset              : Auto
Pack IO Registers into IOBs        : Auto
Equivalent register Removal        : YES

---- General Options
Optimization Goal                  : Speed
Optimization Effort                : 1
Power Reduction                    : NO
Keep Hierarchy                     : No
Netlist Hierarchy                  : As_Optimized
RTL Output                         : Yes
Global Optimization                : AllClockNets
Read Cores                         : YES
Write Timing Constraints           : NO
Cross Clock Analysis               : NO
Hierarchy Separator                : /
Bus Delimiter                      : <>
Case Specifier                     : Maintain
Slice Utilization Ratio            : 100
BRAM Utilization Ratio             : 100
DSP48 Utilization Ratio            : 100
Auto BRAM Packing                  : NO
Slice Utilization Ratio Delta      : 5

=========================================================================


=========================================================================
*                          HDL Parsing                                  *
=========================================================================
Analyzing Verilog file "/home/dsabanin/projects/embedded/xilinx/spartan6-1/myModule/myClock.v" into library work
Parsing module <myClock>.
Analyzing Verilog file "/home/dsabanin/projects/embedded/xilinx/spartan6-1/myModule/myModule.v" into library work
Parsing module <myModule>.

=========================================================================
*                            HDL Elaboration                            *
=========================================================================

Elaborating module <myModule>.

Elaborating module <myClock>.
WARNING:HDLCompiler:413 - "/home/dsabanin/projects/embedded/xilinx/spartan6-1/myModule/myClock.v" Line 35: Result of 21-bit expression is truncated to fit in 20-bit target.

=========================================================================
*                           HDL Synthesis                               *
=========================================================================

Synthesizing Unit <myModule>.
    Related source file is "/home/dsabanin/projects/embedded/xilinx/spartan6-1/myModule/myModule.v".
    Found 8-bit register for signal <LED>.
    Summary:
	inferred   8 D-type flip-flop(s).
	inferred   1 Multiplexer(s).
Unit <myModule> synthesized.

Synthesizing Unit <myClock>.
    Related source file is "/home/dsabanin/projects/embedded/xilinx/spartan6-1/myModule/myClock.v".
    Found 1-bit register for signal <out>.
    Found 20-bit register for signal <counter>.
    Found 20-bit adder for signal <counter[19]_GND_2_o_add_2_OUT> created at line 35.
    Summary:
	inferred   1 Adder/Subtractor(s).
	inferred  21 D-type flip-flop(s).
Unit <myClock> synthesized.

=========================================================================
HDL Synthesis Report

Macro Statistics
# Adders/Subtractors                                   : 1
 20-bit adder                                          : 1
# Registers                                            : 3
 1-bit register                                        : 1
 20-bit register                                       : 1
 8-bit register                                        : 1
# Multiplexers                                         : 1
 8-bit 2-to-1 multiplexer                              : 1

=========================================================================

=========================================================================
*                       Advanced HDL Synthesis                          *
=========================================================================


Synthesizing (advanced) Unit <myClock>.
The following registers are absorbed into counter <counter>: 1 register on signal <counter>.
Unit <myClock> synthesized (advanced).

=========================================================================
Advanced HDL Synthesis Report

Macro Statistics
# Counters                                             : 1
 20-bit up counter                                     : 1
# Registers                                            : 9
 Flip-Flops                                            : 9
# Multiplexers                                         : 1
 8-bit 2-to-1 multiplexer                              : 1

=========================================================================

=========================================================================
*                         Low Level Synthesis                           *
=========================================================================

Optimizing unit <myModule> ...

Mapping all equations...
Building and optimizing final netlist ...
Found area constraint ratio of 100 (+ 5) on block myModule, actual ratio is 0.
FlipFlop myclkmod/counter_17 has been replicated 1 time(s)
FlipFlop myclkmod/counter_18 has been replicated 1 time(s)

Final Macro Processing ...

=========================================================================
Final Register Report

Macro Statistics
# Registers                                            : 31
 Flip-Flops                                            : 31

=========================================================================

=========================================================================
*                           Partition Report                            *
=========================================================================

Partition Implementation Status
-------------------------------

  No Partitions were found in this design.

-------------------------------

=========================================================================
*                            Design Summary                             *
=========================================================================

Top Level Output File Name         : myModule.ngc

Primitive and Black Box Usage:
------------------------------
# BELS                             : 98
#      GND                         : 1
#      INV                         : 1
#      LUT1                        : 19
#      LUT2                        : 9
#      LUT5                        : 1
#      LUT6                        : 27
#      MUXCY                       : 19
#      VCC                         : 1
#      XORCY                       : 20
# FlipFlops/Latches                : 31
#      FD                          : 31
# Clock Buffers                    : 1
#      BUFGP                       : 1
# IO Buffers                       : 9
#      IBUF                        : 1
#      OBUF                        : 8

Device utilization summary:
---------------------------

Selected Device : 6slx9csg324-2 


Slice Logic Utilization: 
 Number of Slice Registers:              31  out of  11440     0%  
 Number of Slice LUTs:                   57  out of   5720     0%  
    Number used as Logic:                57  out of   5720     0%  

Slice Logic Distribution: 
 Number of LUT Flip Flop pairs used:     59
   Number with an unused Flip Flop:      28  out of     59    47%  
   Number with an unused LUT:             2  out of     59     3%  
   Number of fully used LUT-FF pairs:    29  out of     59    49%  
   Number of unique control sets:         2

IO Utilization: 
 Number of IOs:                          10
 Number of bonded IOBs:                  10  out of    200     5%  

Specific Feature Utilization:
 Number of BUFG/BUFGCTRLs:                1  out of     16     6%  

---------------------------
Partition Resource Summary:
---------------------------

  No Partitions were found in this design.

---------------------------


=========================================================================
Timing Report

NOTE: THESE TIMING NUMBERS ARE ONLY A SYNTHESIS ESTIMATE.
      FOR ACCURATE TIMING INFORMATION PLEASE REFER TO THE TRACE REPORT
      GENERATED AFTER PLACE-and-ROUTE.

Clock Information:
------------------
-----------------------------------+------------------------+-------+
Clock Signal                       | Clock buffer(FF name)  | Load  |
-----------------------------------+------------------------+-------+
CLK_12MHz                          | BUFGP                  | 23    |
myclkmod/out                       | NONE(LED_STATE_1)      | 8     |
-----------------------------------+------------------------+-------+
INFO:Xst:2169 - HDL ADVISOR - Some clock signals were not automatically buffered by XST with BUFG/BUFR resources. Please use the buffer_type constraint in order to insert these buffers to the clock signals to help prevent skew problems.

Asynchronous Control Signals Information:
----------------------------------------
No asynchronous control signals found in this design

Timing Summary:
---------------
Speed Grade: -2

   Minimum period: 3.612ns (Maximum Frequency: 276.855MHz)
   Minimum input arrival time before clock: 2.704ns
   Maximum output required time after clock: 4.202ns
   Maximum combinational path delay: No path found

Timing Details:
---------------
All values displayed in nanoseconds (ns)

=========================================================================
Timing constraint: Default period analysis for Clock 'CLK_12MHz'
  Clock period: 3.612ns (frequency: 276.855MHz)
  Total number of paths / destination ports: 707 / 23
-------------------------------------------------------------------------
Delay:               3.612ns (Levels of Logic = 2)
  Source:            myclkmod/counter_0 (FF)
  Destination:       myclkmod/counter_17 (FF)
  Source Clock:      CLK_12MHz rising
  Destination Clock: CLK_12MHz rising

  Data Path: myclkmod/counter_0 to myclkmod/counter_17
                                Gate     Net
    Cell:in->out      fanout   Delay   Delay  Logical Name (Net Name)
    ----------------------------------------  ------------
     FD:C->Q               3   0.525   1.221  myclkmod/counter_0 (myclkmod/counter_0)
     LUT6:I0->O           10   0.254   1.284  myclkmod/counter[19]_PWR_2_o_equal_2_o<19>2_1 (myclkmod/counter[19]_PWR_2_o_equal_2_o<19>21)
     LUT6:I2->O            2   0.254   0.000  myclkmod/counter_17_rstpot (myclkmod/counter_17_rstpot)
     FD:D                      0.074          myclkmod/counter_17
    ----------------------------------------
    Total                      3.612ns (1.107ns logic, 2.505ns route)
                                       (30.6% logic, 69.4% route)

=========================================================================
Timing constraint: Default period analysis for Clock 'myclkmod/out'
  Clock period: 3.595ns (frequency: 278.164MHz)
  Total number of paths / destination ports: 14 / 8
-------------------------------------------------------------------------
Delay:               3.595ns (Levels of Logic = 3)
  Source:            LED_STATE_5 (FF)
  Destination:       LED_STATE_0 (FF)
  Source Clock:      myclkmod/out rising
  Destination Clock: myclkmod/out rising

  Data Path: LED_STATE_5 to LED_STATE_0
                                Gate     Net
    Cell:in->out      fanout   Delay   Delay  Logical Name (Net Name)
    ----------------------------------------  ------------
     FD:C->Q               3   0.525   0.874  LED_STATE_5 (LED_STATE_5)
     LUT2:I0->O            1   0.250   0.682  LED_STATE[6]_GND_1_o_equal_2_o<6>_SW0 (N3)
     LUT6:I5->O            1   0.254   0.682  LED_STATE[6]_GND_1_o_equal_2_o<6> (LED_STATE[6]_GND_1_o_equal_2_o)
     LUT2:I1->O            1   0.254   0.000  LED_STATE_0_rstpot (LED_STATE_0_rstpot)
     FD:D                      0.074          LED_STATE_0
    ----------------------------------------
    Total                      3.595ns (1.357ns logic, 2.238ns route)
                                       (37.7% logic, 62.3% route)

=========================================================================
Timing constraint: Default OFFSET IN BEFORE for Clock 'myclkmod/out'
  Total number of paths / destination ports: 8 / 8
-------------------------------------------------------------------------
Offset:              2.704ns (Levels of Logic = 2)
  Source:            MYSWITCH (PAD)
  Destination:       LED_STATE_1 (FF)
  Destination Clock: myclkmod/out rising

  Data Path: MYSWITCH to LED_STATE_1
                                Gate     Net
    Cell:in->out      fanout   Delay   Delay  Logical Name (Net Name)
    ----------------------------------------  ------------
     IBUF:I->O             8   1.328   1.052  MYSWITCH_IBUF (MYSWITCH_IBUF)
     LUT2:I0->O            1   0.250   0.000  LED_STATE_1_glue_set (LED_STATE_1_glue_set)
     FD:D                      0.074          LED_STATE_1
    ----------------------------------------
    Total                      2.704ns (1.652ns logic, 1.052ns route)
                                       (61.1% logic, 38.9% route)

=========================================================================
Timing constraint: Default OFFSET OUT AFTER for Clock 'myclkmod/out'
  Total number of paths / destination ports: 8 / 8
-------------------------------------------------------------------------
Offset:              4.202ns (Levels of Logic = 1)
  Source:            LED_STATE_6 (FF)
  Destination:       LED<6> (PAD)
  Source Clock:      myclkmod/out rising

  Data Path: LED_STATE_6 to LED<6>
                                Gate     Net
    Cell:in->out      fanout   Delay   Delay  Logical Name (Net Name)
    ----------------------------------------  ------------
     FD:C->Q               3   0.525   0.765  LED_STATE_6 (LED_STATE_6)
     OBUF:I->O                 2.912          LED_6_OBUF (LED<6>)
    ----------------------------------------
    Total                      4.202ns (3.437ns logic, 0.765ns route)
                                       (81.8% logic, 18.2% route)

=========================================================================

Cross Clock Domains Report:
--------------------------

Clock to Setup on destination clock CLK_12MHz
---------------+---------+---------+---------+---------+
               | Src:Rise| Src:Fall| Src:Rise| Src:Fall|
Source Clock   |Dest:Rise|Dest:Rise|Dest:Fall|Dest:Fall|
---------------+---------+---------+---------+---------+
CLK_12MHz      |    3.612|         |         |         |
---------------+---------+---------+---------+---------+

Clock to Setup on destination clock myclkmod/out
---------------+---------+---------+---------+---------+
               | Src:Rise| Src:Fall| Src:Rise| Src:Fall|
Source Clock   |Dest:Rise|Dest:Rise|Dest:Fall|Dest:Fall|
---------------+---------+---------+---------+---------+
myclkmod/out   |    3.595|         |         |         |
---------------+---------+---------+---------+---------+

=========================================================================


Total REAL time to Xst completion: 3.00 secs
Total CPU time to Xst completion: 2.86 secs
 
--> 


Total memory usage is 393168 kilobytes

Number of errors   :    0 (   0 filtered)
Number of warnings :    1 (   0 filtered)
Number of infos    :    1 (   0 filtered)

