Release 14.7 - xst P.20131013 (lin64)
Copyright (c) 1995-2013 Xilinx, Inc.  All rights reserved.
--> 
Parameter TMPDIR set to xst/projnav.tmp


Total REAL time to Xst completion: 0.00 secs
Total CPU time to Xst completion: 0.03 secs
 
--> 
Parameter xsthdpdir set to xst


Total REAL time to Xst completion: 0.00 secs
Total CPU time to Xst completion: 0.03 secs
 
--> 
Reading design: vga.prj

TABLE OF CONTENTS
  1) Synthesis Options Summary
  2) HDL Parsing
  3) HDL Elaboration
  4) HDL Synthesis
       4.1) HDL Synthesis Report
  5) Advanced HDL Synthesis
       5.1) Advanced HDL Synthesis Report
  6) Low Level Synthesis
  7) Partition Report
  8) Design Summary
       8.1) Primitive and Black Box Usage
       8.2) Device utilization summary
       8.3) Partition Resource Summary
       8.4) Timing Report
            8.4.1) Clock Information
            8.4.2) Asynchronous Control Signals Information
            8.4.3) Timing Summary
            8.4.4) Timing Details
            8.4.5) Cross Clock Domains Report


=========================================================================
*                      Synthesis Options Summary                        *
=========================================================================
---- Source Parameters
Input File Name                    : "vga.prj"
Ignore Synthesis Constraint File   : NO

---- Target Parameters
Output File Name                   : "vga"
Output Format                      : NGC
Target Device                      : xc6slx9-3-csg324

---- Source Options
Top Module Name                    : vga
Automatic FSM Extraction           : YES
FSM Encoding Algorithm             : Auto
Safe Implementation                : No
FSM Style                          : LUT
RAM Extraction                     : Yes
RAM Style                          : Auto
ROM Extraction                     : Yes
Shift Register Extraction          : YES
ROM Style                          : Auto
Resource Sharing                   : YES
Asynchronous To Synchronous        : NO
Shift Register Minimum Size        : 2
Use DSP Block                      : Auto
Automatic Register Balancing       : No

---- Target Options
LUT Combining                      : Auto
Reduce Control Sets                : Auto
Add IO Buffers                     : YES
Global Maximum Fanout              : 100000
Add Generic Clock Buffer(BUFG)     : 16
Register Duplication               : YES
Optimize Instantiated Primitives   : NO
Use Clock Enable                   : Auto
Use Synchronous Set                : Auto
Use Synchronous Reset              : Auto
Pack IO Registers into IOBs        : Auto
Equivalent register Removal        : YES

---- General Options
Optimization Goal                  : Speed
Optimization Effort                : 1
Power Reduction                    : NO
Keep Hierarchy                     : No
Netlist Hierarchy                  : As_Optimized
RTL Output                         : Yes
Global Optimization                : AllClockNets
Read Cores                         : YES
Write Timing Constraints           : NO
Cross Clock Analysis               : NO
Hierarchy Separator                : /
Bus Delimiter                      : <>
Case Specifier                     : Maintain
Slice Utilization Ratio            : 100
BRAM Utilization Ratio             : 100
DSP48 Utilization Ratio            : 100
Auto BRAM Packing                  : NO
Slice Utilization Ratio Delta      : 5

---- Other Options
Cores Search Directories           : {"ipcore_dir"  }

=========================================================================


=========================================================================
*                          HDL Parsing                                  *
=========================================================================
Analyzing Verilog file "/home/dsabanin/projects/embedded/xilinx/simpleVGA/ipcore_dir/vga_clk_wiz.v" into library work
Parsing module <vga_clk_wiz>.
Analyzing Verilog file "/home/dsabanin/projects/embedded/xilinx/simpleVGA/vga.v" into library work
Parsing module <vga>.
Parsing module <hsync>.
Parsing module <vsync>.
Analyzing Verilog file "/home/dsabanin/projects/embedded/xilinx/simpleVGA/game.v" into library work
Parsing module <game>.

=========================================================================
*                            HDL Elaboration                            *
=========================================================================

Elaborating module <vga>.
WARNING:HDLCompiler:872 - "/home/dsabanin/projects/embedded/xilinx/simpleVGA/vga.v" Line 27: Using initial value of reset since it is never assigned

Elaborating module <vga_clk_wiz>.

Elaborating module <IBUFG>.

Elaborating module <PLL_BASE(BANDWIDTH="OPTIMIZED",CLK_FEEDBACK="CLKFBOUT",COMPENSATION="SYSTEM_SYNCHRONOUS",DIVCLK_DIVIDE=2,CLKFBOUT_MULT=17,CLKFBOUT_PHASE=0.0,CLKOUT0_DIVIDE=9,CLKOUT0_PHASE=0.0,CLKOUT0_DUTY_CYCLE=0.5,CLKIN_PERIOD=10.0,REF_JITTER=0.01)>.
WARNING:HDLCompiler:1127 - "/home/dsabanin/projects/embedded/xilinx/simpleVGA/ipcore_dir/vga_clk_wiz.v" Line 116: Assignment to clkout1_unused ignored, since the identifier is never used
WARNING:HDLCompiler:1127 - "/home/dsabanin/projects/embedded/xilinx/simpleVGA/ipcore_dir/vga_clk_wiz.v" Line 117: Assignment to clkout2_unused ignored, since the identifier is never used
WARNING:HDLCompiler:1127 - "/home/dsabanin/projects/embedded/xilinx/simpleVGA/ipcore_dir/vga_clk_wiz.v" Line 118: Assignment to clkout3_unused ignored, since the identifier is never used
WARNING:HDLCompiler:1127 - "/home/dsabanin/projects/embedded/xilinx/simpleVGA/ipcore_dir/vga_clk_wiz.v" Line 119: Assignment to clkout4_unused ignored, since the identifier is never used
WARNING:HDLCompiler:1127 - "/home/dsabanin/projects/embedded/xilinx/simpleVGA/ipcore_dir/vga_clk_wiz.v" Line 120: Assignment to clkout5_unused ignored, since the identifier is never used
WARNING:HDLCompiler:1127 - "/home/dsabanin/projects/embedded/xilinx/simpleVGA/ipcore_dir/vga_clk_wiz.v" Line 122: Assignment to locked_unused ignored, since the identifier is never used

Elaborating module <BUFG>.

Elaborating module <hsync>.
WARNING:HDLCompiler:817 - "/home/dsabanin/projects/embedded/xilinx/simpleVGA/vga.v" Line 53: System task monitor ignored for synthesis

Elaborating module <vsync>.
WARNING:HDLCompiler:817 - "/home/dsabanin/projects/embedded/xilinx/simpleVGA/vga.v" Line 81: System task monitor ignored for synthesis

=========================================================================
*                           HDL Synthesis                               *
=========================================================================

Synthesizing Unit <vga>.
    Related source file is "/home/dsabanin/projects/embedded/xilinx/simpleVGA/vga.v".
    Summary:
	inferred   3 Multiplexer(s).
Unit <vga> synthesized.

Synthesizing Unit <vga_clk_wiz>.
    Related source file is "/home/dsabanin/projects/embedded/xilinx/simpleVGA/ipcore_dir/vga_clk_wiz.v".
    Summary:
	no macro.
Unit <vga_clk_wiz> synthesized.

Synthesizing Unit <hsync>.
    Related source file is "/home/dsabanin/projects/embedded/xilinx/simpleVGA/vga.v".
        h_res = 1024
        h_front_porch = 48
        h_sync = 96
        h_back_porch = 208
        h_total = 1376
    Found 1-bit register for signal <line_clk_state>.
    Found 12-bit register for signal <row_count>.
    Found 13-bit register for signal <hcount>.
    Found 13-bit adder for signal <hcount[12]_GND_6_o_add_2_OUT> created at line 55.
    Found 12-bit adder for signal <row_count[11]_GND_6_o_add_4_OUT> created at line 61.
    Found 13-bit comparator greater for signal <hcount[12]_GND_6_o_LessThan_2_o> created at line 54
    Found 13-bit comparator greater for signal <GND_6_o_hcount[12]_LessThan_9_o> created at line 64
    Found 13-bit comparator lessequal for signal <n0009> created at line 64
    Found 13-bit comparator greater for signal <blank> created at line 66
    Summary:
	inferred   2 Adder/Subtractor(s).
	inferred  26 D-type flip-flop(s).
	inferred   4 Comparator(s).
Unit <hsync> synthesized.

Synthesizing Unit <vsync>.
    Related source file is "/home/dsabanin/projects/embedded/xilinx/simpleVGA/vga.v".
        v_res = 768
        v_front_porch = 1
        v_sync = 3
        v_back_porch = 36
        v_total = 808
    Found 12-bit register for signal <column_count>.
    Found 13-bit register for signal <vcount>.
    Found 13-bit adder for signal <vcount[12]_GND_7_o_add_2_OUT> created at line 83.
    Found 12-bit adder for signal <column_count[11]_GND_7_o_add_4_OUT> created at line 88.
    Found 13-bit comparator greater for signal <vcount[12]_GND_7_o_LessThan_2_o> created at line 82
    Found 13-bit comparator greater for signal <GND_7_o_vcount[12]_LessThan_9_o> created at line 91
    Found 13-bit comparator lessequal for signal <n0007> created at line 91
    Found 13-bit comparator greater for signal <blank> created at line 92
    Summary:
	inferred   2 Adder/Subtractor(s).
	inferred  25 D-type flip-flop(s).
	inferred   4 Comparator(s).
Unit <vsync> synthesized.

=========================================================================
HDL Synthesis Report

Macro Statistics
# Adders/Subtractors                                   : 4
 12-bit adder                                          : 2
 13-bit adder                                          : 2
# Registers                                            : 5
 1-bit register                                        : 1
 12-bit register                                       : 2
 13-bit register                                       : 2
# Comparators                                          : 8
 13-bit comparator greater                             : 6
 13-bit comparator lessequal                           : 2
# Multiplexers                                         : 3
 2-bit 2-to-1 multiplexer                              : 1
 3-bit 2-to-1 multiplexer                              : 2

=========================================================================

=========================================================================
*                       Advanced HDL Synthesis                          *
=========================================================================


Synthesizing (advanced) Unit <hsync>.
The following registers are absorbed into counter <row_count>: 1 register on signal <row_count>.
The following registers are absorbed into counter <hcount>: 1 register on signal <hcount>.
Unit <hsync> synthesized (advanced).

Synthesizing (advanced) Unit <vsync>.
The following registers are absorbed into counter <column_count>: 1 register on signal <column_count>.
The following registers are absorbed into counter <vcount>: 1 register on signal <vcount>.
Unit <vsync> synthesized (advanced).

=========================================================================
Advanced HDL Synthesis Report

Macro Statistics
# Counters                                             : 4
 12-bit up counter                                     : 2
 13-bit up counter                                     : 2
# Registers                                            : 1
 Flip-Flops                                            : 1
# Comparators                                          : 8
 13-bit comparator greater                             : 6
 13-bit comparator lessequal                           : 2
# Multiplexers                                         : 3
 2-bit 2-to-1 multiplexer                              : 1
 3-bit 2-to-1 multiplexer                              : 2

=========================================================================

=========================================================================
*                         Low Level Synthesis                           *
=========================================================================
INFO:Xst:1901 - Instance vga_clk_1/pll_base_inst in unit vga_clk_1/pll_base_inst of type PLL_BASE has been replaced by PLL_ADV

Optimizing unit <vga> ...

Optimizing unit <hsync> ...

Optimizing unit <vsync> ...

Mapping all equations...
Building and optimizing final netlist ...
Found area constraint ratio of 100 (+ 5) on block vga, actual ratio is 1.

Final Macro Processing ...

=========================================================================
Final Register Report

Macro Statistics
# Registers                                            : 51
 Flip-Flops                                            : 51

=========================================================================

=========================================================================
*                           Partition Report                            *
=========================================================================

Partition Implementation Status
-------------------------------

  No Partitions were found in this design.

-------------------------------

=========================================================================
*                            Design Summary                             *
=========================================================================

Top Level Output File Name         : vga.ngc

Primitive and Black Box Usage:
------------------------------
# BELS                             : 223
#      GND                         : 1
#      INV                         : 4
#      LUT1                        : 46
#      LUT2                        : 26
#      LUT3                        : 10
#      LUT4                        : 16
#      LUT5                        : 4
#      LUT6                        : 19
#      MUXCY                       : 46
#      VCC                         : 1
#      XORCY                       : 50
# FlipFlops/Latches                : 51
#      FD                          : 51
# Clock Buffers                    : 3
#      BUFG                        : 3
# IO Buffers                       : 43
#      IBUF                        : 8
#      IBUFG                       : 1
#      OBUF                        : 34
# Others                           : 1
#      PLL_ADV                     : 1

Device utilization summary:
---------------------------

Selected Device : 6slx9csg324-3 


Slice Logic Utilization: 
 Number of Slice Registers:              51  out of  11440     0%  
 Number of Slice LUTs:                  125  out of   5720     2%  
    Number used as Logic:               125  out of   5720     2%  

Slice Logic Distribution: 
 Number of LUT Flip Flop pairs used:    125
   Number with an unused Flip Flop:      74  out of    125    59%  
   Number with an unused LUT:             0  out of    125     0%  
   Number of fully used LUT-FF pairs:    51  out of    125    40%  
   Number of unique control sets:         2

IO Utilization: 
 Number of IOs:                          43
 Number of bonded IOBs:                  43  out of    200    21%  

Specific Feature Utilization:
 Number of BUFG/BUFGCTRLs:                3  out of     16    18%  
 Number of PLL_ADVs:                      1  out of      2    50%  

---------------------------
Partition Resource Summary:
---------------------------

  No Partitions were found in this design.

---------------------------


=========================================================================
Timing Report

NOTE: THESE TIMING NUMBERS ARE ONLY A SYNTHESIS ESTIMATE.
      FOR ACCURATE TIMING INFORMATION PLEASE REFER TO THE TRACE REPORT
      GENERATED AFTER PLACE-and-ROUTE.

Clock Information:
------------------
-----------------------------------+------------------------+-------+
Clock Signal                       | Clock buffer(FF name)  | Load  |
-----------------------------------+------------------------+-------+
vga_clk_1/pll_base_inst/CLKOUT0    | BUFG                   | 26    |
hsync_1/line_clk_state             | BUFG                   | 25    |
-----------------------------------+------------------------+-------+

Asynchronous Control Signals Information:
----------------------------------------
No asynchronous control signals found in this design

Timing Summary:
---------------
Speed Grade: -3

   Minimum period: 3.692ns (Maximum Frequency: 270.871MHz)
   Minimum input arrival time before clock: No path found
   Maximum output required time after clock: 7.080ns
   Maximum combinational path delay: 5.385ns

Timing Details:
---------------
All values displayed in nanoseconds (ns)

=========================================================================
Timing constraint: Default period analysis for Clock 'vga_clk_1/pll_base_inst/CLKOUT0'
  Clock period: 3.140ns (frequency: 318.431MHz)
  Total number of paths / destination ports: 437 / 26
-------------------------------------------------------------------------
Delay:               3.140ns (Levels of Logic = 4)
  Source:            hsync_1/hcount_11 (FF)
  Destination:       hsync_1/hcount_12 (FF)
  Source Clock:      vga_clk_1/pll_base_inst/CLKOUT0 rising
  Destination Clock: vga_clk_1/pll_base_inst/CLKOUT0 rising

  Data Path: hsync_1/hcount_11 to hsync_1/hcount_12
                                Gate     Net
    Cell:in->out      fanout   Delay   Delay  Logical Name (Net Name)
    ----------------------------------------  ------------
     FD:C->Q              29   0.447   1.250  hsync_1/hcount_11 (hsync_1/hcount_11)
     LUT1:I0->O            1   0.205   0.000  hsync_1/Mcount_hcount_cy<11>_rt (hsync_1/Mcount_hcount_cy<11>_rt)
     MUXCY:S->O            0   0.172   0.000  hsync_1/Mcount_hcount_cy<11> (hsync_1/Mcount_hcount_cy<11>)
     XORCY:CI->O           1   0.180   0.580  hsync_1/Mcount_hcount_xor<12> (hsync_1/Result<12>)
     LUT4:I3->O            1   0.205   0.000  hsync_1/hcount_12_rstpot (hsync_1/hcount_12_rstpot)
     FD:D                      0.102          hsync_1/hcount_12
    ----------------------------------------
    Total                      3.140ns (1.311ns logic, 1.829ns route)
                                       (41.7% logic, 58.3% route)

=========================================================================
Timing constraint: Default period analysis for Clock 'hsync_1/line_clk_state'
  Clock period: 3.692ns (frequency: 270.871MHz)
  Total number of paths / destination ports: 455 / 25
-------------------------------------------------------------------------
Delay:               3.692ns (Levels of Logic = 3)
  Source:            vsync_1/vcount_3 (FF)
  Destination:       vsync_1/column_count_11 (FF)
  Source Clock:      hsync_1/line_clk_state rising
  Destination Clock: hsync_1/line_clk_state rising

  Data Path: vsync_1/vcount_3 to vsync_1/column_count_11
                                Gate     Net
    Cell:in->out      fanout   Delay   Delay  Logical Name (Net Name)
    ----------------------------------------  ------------
     FD:C->Q               3   0.447   0.995  vsync_1/vcount_3 (vsync_1/vcount_3)
     LUT5:I0->O            3   0.203   0.651  vsync_1/vsync21 (vsync_1/vsync2)
     LUT6:I5->O           11   0.205   0.883  vsync_1/blank23 (vblank)
     LUT2:I1->O            1   0.205   0.000  vsync_1/column_count_11_rstpot (vsync_1/column_count_11_rstpot)
     FD:D                      0.102          vsync_1/column_count_11
    ----------------------------------------
    Total                      3.692ns (1.162ns logic, 2.530ns route)
                                       (31.5% logic, 68.5% route)

=========================================================================
Timing constraint: Default OFFSET OUT AFTER for Clock 'hsync_1/line_clk_state'
  Total number of paths / destination ports: 129 / 21
-------------------------------------------------------------------------
Offset:              6.740ns (Levels of Logic = 4)
  Source:            vsync_1/vcount_3 (FF)
  Destination:       Red<2> (PAD)
  Source Clock:      hsync_1/line_clk_state rising

  Data Path: vsync_1/vcount_3 to Red<2>
                                Gate     Net
    Cell:in->out      fanout   Delay   Delay  Logical Name (Net Name)
    ----------------------------------------  ------------
     FD:C->Q               3   0.447   0.995  vsync_1/vcount_3 (vsync_1/vcount_3)
     LUT5:I0->O            3   0.203   0.651  vsync_1/vsync21 (vsync_1/vsync2)
     LUT6:I5->O           11   0.205   0.883  vsync_1/blank23 (vblank)
     LUT3:I2->O            1   0.205   0.579  Mmux_Green31 (Green_2_OBUF)
     OBUF:I->O                 2.571          Green_2_OBUF (Green<2>)
    ----------------------------------------
    Total                      6.740ns (3.631ns logic, 3.109ns route)
                                       (53.9% logic, 46.1% route)

=========================================================================
Timing constraint: Default OFFSET OUT AFTER for Clock 'vga_clk_1/pll_base_inst/CLKOUT0'
  Total number of paths / destination ports: 129 / 21
-------------------------------------------------------------------------
Offset:              7.080ns (Levels of Logic = 4)
  Source:            hsync_1/hcount_8 (FF)
  Destination:       Red<2> (PAD)
  Source Clock:      vga_clk_1/pll_base_inst/CLKOUT0 rising

  Data Path: hsync_1/hcount_8 to Red<2>
                                Gate     Net
    Cell:in->out      fanout   Delay   Delay  Logical Name (Net Name)
    ----------------------------------------  ------------
     FD:C->Q               4   0.447   0.931  hsync_1/hcount_8 (hsync_1/hcount_8)
     LUT4:I0->O           13   0.203   1.037  hsync_1/blank21 (hsync_1/blank2)
     LUT5:I3->O            8   0.203   0.907  hsync_1/blank23 (hblank)
     LUT3:I1->O            1   0.203   0.579  Mmux_Green31 (Green_2_OBUF)
     OBUF:I->O                 2.571          Green_2_OBUF (Green<2>)
    ----------------------------------------
    Total                      7.080ns (3.627ns logic, 3.453ns route)
                                       (51.2% logic, 48.8% route)

=========================================================================
Timing constraint: Default path analysis
  Total number of paths / destination ports: 8 / 8
-------------------------------------------------------------------------
Delay:               5.385ns (Levels of Logic = 3)
  Source:            pixel<0> (PAD)
  Destination:       Red<2> (PAD)

  Data Path: pixel<0> to Red<2>
                                Gate     Net
    Cell:in->out      fanout   Delay   Delay  Logical Name (Net Name)
    ----------------------------------------  ------------
     IBUF:I->O             1   1.222   0.808  pixel_0_IBUF (pixel_0_IBUF)
     LUT3:I0->O            1   0.205   0.579  Mmux_Red31 (Red_2_OBUF)
     OBUF:I->O                 2.571          Red_2_OBUF (Red<2>)
    ----------------------------------------
    Total                      5.385ns (3.998ns logic, 1.387ns route)
                                       (74.2% logic, 25.8% route)

=========================================================================

Cross Clock Domains Report:
--------------------------

Clock to Setup on destination clock hsync_1/line_clk_state
----------------------+---------+---------+---------+---------+
                      | Src:Rise| Src:Fall| Src:Rise| Src:Fall|
Source Clock          |Dest:Rise|Dest:Rise|Dest:Fall|Dest:Fall|
----------------------+---------+---------+---------+---------+
hsync_1/line_clk_state|    3.692|         |         |         |
----------------------+---------+---------+---------+---------+

Clock to Setup on destination clock vga_clk_1/pll_base_inst/CLKOUT0
-------------------------------+---------+---------+---------+---------+
                               | Src:Rise| Src:Fall| Src:Rise| Src:Fall|
Source Clock                   |Dest:Rise|Dest:Rise|Dest:Fall|Dest:Fall|
-------------------------------+---------+---------+---------+---------+
vga_clk_1/pll_base_inst/CLKOUT0|    3.140|         |         |         |
-------------------------------+---------+---------+---------+---------+

=========================================================================


Total REAL time to Xst completion: 3.00 secs
Total CPU time to Xst completion: 2.99 secs
 
--> 


Total memory usage is 393536 kilobytes

Number of errors   :    0 (   0 filtered)
Number of warnings :    9 (   0 filtered)
Number of infos    :    1 (   0 filtered)

